2023-10-10 23:31:17,254 - DEBUG - Starting new HTTPS connection (1): huggingface.co:443
2023-10-10 23:31:19,304 - DEBUG - https://huggingface.co:443 "HEAD /models/deberta-base/resolve/main/vocab.json HTTP/1.1" 401 0
2023-10-10 23:32:49,606 - DEBUG - Starting new HTTPS connection (1): huggingface.co:443
2023-10-10 23:32:50,877 - DEBUG - https://huggingface.co:443 "HEAD /microsoft/deberta-base/resolve/main/vocab.json HTTP/1.1" 200 0
2023-10-10 23:32:51,459 - DEBUG - https://huggingface.co:443 "HEAD /microsoft/deberta-base/resolve/main/config.json HTTP/1.1" 200 0
2023-10-10 23:32:54,532 - INFO - --------- GENERAR EL MODELO deberta ------------
2023-10-10 23:32:54,755 - INFO - Read 4200 problem ids from data/release\pan23-multi-author-analysis-dataset1\pan23-multi-author-analysis-dataset1-train.
2023-10-10 23:34:39,256 - DEBUG - Starting new HTTPS connection (1): huggingface.co:443
2023-10-10 23:34:39,665 - DEBUG - https://huggingface.co:443 "HEAD /microsoft/deberta-base/resolve/main/vocab.json HTTP/1.1" 200 0
2023-10-10 23:47:53,569 - DEBUG - Starting new HTTPS connection (1): huggingface.co:443
2023-10-10 23:47:56,075 - DEBUG - https://huggingface.co:443 "HEAD /microsoft/deberta-base/resolve/main/vocab.json HTTP/1.1" 200 0
2023-10-10 23:47:56,433 - DEBUG - https://huggingface.co:443 "HEAD /microsoft/deberta-base/resolve/main/config.json HTTP/1.1" 200 0
2023-10-10 23:47:58,137 - INFO - --------- GENERAR EL MODELO deberta ------------
2023-10-10 23:47:58,204 - INFO - Read 4200 problem ids from data/release\pan23-multi-author-analysis-dataset1\pan23-multi-author-analysis-dataset1-train.
2023-10-10 23:48:24,928 - INFO - Read 900 problem ids from data/release\pan23-multi-author-analysis-dataset1\pan23-multi-author-analysis-dataset1-validation.
2023-10-10 23:49:05,748 - DEBUG - Starting new HTTPS connection (1): huggingface.co:443
2023-10-10 23:49:08,283 - DEBUG - https://huggingface.co:443 "HEAD /microsoft/deberta-base/resolve/main/vocab.json HTTP/1.1" 200 0
2023-10-10 23:49:15,254 - DEBUG - https://huggingface.co:443 "HEAD /microsoft/deberta-base/resolve/main/config.json HTTP/1.1" 200 0
2023-10-10 23:50:37,003 - INFO - --------- GENERAR EL MODELO deberta ------------
2023-10-10 23:50:37,374 - INFO - Read 4200 problem ids from data/release\pan23-multi-author-analysis-dataset1\pan23-multi-author-analysis-dataset1-train.
2023-10-10 23:56:04,537 - DEBUG - Starting new HTTPS connection (1): huggingface.co:443
2023-10-10 23:56:05,694 - DEBUG - https://huggingface.co:443 "HEAD /microsoft/deberta-base/resolve/main/vocab.json HTTP/1.1" 200 0
2023-10-10 23:56:06,660 - DEBUG - https://huggingface.co:443 "HEAD /microsoft/deberta-base/resolve/main/config.json HTTP/1.1" 200 0
2023-10-10 23:56:24,458 - DEBUG - Starting new HTTPS connection (1): huggingface.co:443
2023-10-10 23:56:25,003 - DEBUG - https://huggingface.co:443 "HEAD /microsoft/deberta-base/resolve/main/vocab.json HTTP/1.1" 200 0
2023-10-10 23:56:34,632 - DEBUG - https://huggingface.co:443 "HEAD /microsoft/deberta-base/resolve/main/config.json HTTP/1.1" 200 0
2023-10-10 23:57:23,957 - DEBUG - Starting new HTTPS connection (1): huggingface.co:443
2023-10-10 23:57:26,270 - DEBUG - https://huggingface.co:443 "HEAD /microsoft/deberta-base/resolve/main/vocab.json HTTP/1.1" 200 0
2023-10-10 23:57:27,152 - DEBUG - https://huggingface.co:443 "HEAD /microsoft/deberta-base/resolve/main/config.json HTTP/1.1" 200 0
2023-10-11 00:00:43,530 - DEBUG - Starting new HTTPS connection (1): huggingface.co:443
2023-10-11 00:00:44,620 - DEBUG - https://huggingface.co:443 "HEAD /microsoft/deberta-base/resolve/main/vocab.json HTTP/1.1" 200 0
2023-10-11 00:00:45,163 - DEBUG - https://huggingface.co:443 "HEAD /microsoft/deberta-base/resolve/main/config.json HTTP/1.1" 200 0
2023-10-11 00:02:03,372 - DEBUG - Starting new HTTPS connection (1): huggingface.co:443
2023-10-11 00:02:04,394 - DEBUG - https://huggingface.co:443 "HEAD /microsoft/deberta-base/resolve/main/vocab.json HTTP/1.1" 200 0
2023-10-11 00:02:05,305 - DEBUG - https://huggingface.co:443 "HEAD /microsoft/deberta-base/resolve/main/config.json HTTP/1.1" 200 0
2023-10-11 00:06:53,531 - DEBUG - Starting new HTTPS connection (1): huggingface.co:443
2023-10-11 00:06:55,211 - DEBUG - https://huggingface.co:443 "HEAD /microsoft/deberta-base/resolve/main/vocab.json HTTP/1.1" 200 0
2023-10-11 00:06:55,714 - DEBUG - https://huggingface.co:443 "HEAD /microsoft/deberta-base/resolve/main/config.json HTTP/1.1" 200 0
2023-10-11 00:08:13,304 - DEBUG - Starting new HTTPS connection (1): huggingface.co:443
2023-10-11 00:08:14,828 - DEBUG - https://huggingface.co:443 "HEAD /microsoft/deberta-base/resolve/main/vocab.json HTTP/1.1" 200 0
2023-10-11 00:08:15,316 - DEBUG - https://huggingface.co:443 "HEAD /microsoft/deberta-base/resolve/main/config.json HTTP/1.1" 200 0
2023-10-11 00:10:14,994 - DEBUG - Starting new HTTPS connection (1): huggingface.co:443
2023-10-11 00:10:16,637 - DEBUG - https://huggingface.co:443 "HEAD /microsoft/deberta-base/resolve/main/vocab.json HTTP/1.1" 200 0
2023-10-11 00:10:16,939 - DEBUG - https://huggingface.co:443 "HEAD /microsoft/deberta-base/resolve/main/config.json HTTP/1.1" 200 0
2023-10-11 00:13:20,313 - DEBUG - Starting new HTTPS connection (1): huggingface.co:443
2023-10-11 00:13:22,662 - DEBUG - https://huggingface.co:443 "HEAD /microsoft/deberta-base/resolve/main/vocab.json HTTP/1.1" 200 0
2023-10-11 00:13:23,207 - DEBUG - https://huggingface.co:443 "HEAD /microsoft/deberta-base/resolve/main/config.json HTTP/1.1" 200 0
2023-10-11 00:18:43,091 - DEBUG - Starting new HTTPS connection (1): huggingface.co:443
2023-10-11 00:18:44,709 - DEBUG - https://huggingface.co:443 "HEAD /microsoft/deberta-base/resolve/main/vocab.json HTTP/1.1" 200 0
2023-10-11 00:18:45,321 - DEBUG - https://huggingface.co:443 "HEAD /microsoft/deberta-base/resolve/main/config.json HTTP/1.1" 200 0
2023-10-11 00:20:45,169 - DEBUG - Starting new HTTPS connection (1): huggingface.co:443
2023-10-11 00:20:46,718 - DEBUG - https://huggingface.co:443 "HEAD /microsoft/deberta-base/resolve/main/vocab.json HTTP/1.1" 200 0
2023-10-11 00:20:47,582 - DEBUG - https://huggingface.co:443 "HEAD /microsoft/deberta-base/resolve/main/config.json HTTP/1.1" 200 0
2023-10-11 00:25:08,981 - DEBUG - Starting new HTTPS connection (1): huggingface.co:443
2023-10-11 00:25:10,174 - DEBUG - https://huggingface.co:443 "HEAD /microsoft/deberta-base/resolve/main/vocab.json HTTP/1.1" 200 0
2023-10-11 00:25:10,598 - DEBUG - https://huggingface.co:443 "HEAD /microsoft/deberta-base/resolve/main/config.json HTTP/1.1" 200 0
2023-10-13 23:32:28,388 - DEBUG - Starting new HTTPS connection (1): huggingface.co:443
2023-10-13 23:32:30,611 - DEBUG - https://huggingface.co:443 "HEAD /microsoft/deberta-base/resolve/main/vocab.json HTTP/1.1" 200 0
2023-10-13 23:32:31,675 - DEBUG - https://huggingface.co:443 "HEAD /microsoft/deberta-base/resolve/main/config.json HTTP/1.1" 200 0
2023-10-13 23:50:09,364 - DEBUG - Starting new HTTPS connection (1): huggingface.co:443
2023-10-13 23:50:10,390 - DEBUG - https://huggingface.co:443 "HEAD /microsoft/deberta-base/resolve/main/vocab.json HTTP/1.1" 200 0
2023-10-13 23:50:10,799 - DEBUG - https://huggingface.co:443 "HEAD /microsoft/deberta-base/resolve/main/config.json HTTP/1.1" 200 0
2023-10-13 23:50:40,132 - DEBUG - Starting new HTTPS connection (1): huggingface.co:443
2023-10-13 23:50:40,697 - DEBUG - https://huggingface.co:443 "HEAD /microsoft/deberta-base/resolve/main/vocab.json HTTP/1.1" 200 0
2023-10-13 23:50:41,012 - DEBUG - https://huggingface.co:443 "HEAD /microsoft/deberta-base/resolve/main/config.json HTTP/1.1" 200 0
2023-10-13 23:54:30,923 - DEBUG - Starting new HTTPS connection (1): huggingface.co:443
2023-10-13 23:54:31,901 - DEBUG - https://huggingface.co:443 "HEAD /microsoft/deberta-base/resolve/main/vocab.json HTTP/1.1" 200 0
2023-10-13 23:54:32,214 - DEBUG - https://huggingface.co:443 "HEAD /microsoft/deberta-base/resolve/main/config.json HTTP/1.1" 200 0
